{
  "numTotalTestSuites": 1,
  "numPassedTestSuites": 0,
  "numFailedTestSuites": 1,
  "numPendingTestSuites": 0,
  "numTotalTests": 0,
  "numPassedTests": 0,
  "numFailedTests": 0,
  "numPendingTests": 0,
  "numTodoTests": 0,
  "startTime": 1788842091736,
  "success": false,
  "testResults": [
    {
      "assertionResults": [],
      "startTime": 1788842091736,
      "endTime": 1788842091736,
      "status": "failed",
      "message": "Failed to resolve import \"./does-not-exist.ts\" from \"src/__fixgen/broken.test.ts\". Does the file exist?",
      "name": "/repo/src/__fixgen/broken.test.ts"
    }
  ]
}
